,timestamp,tag,duration,package_0,package_1,dram_0,dram_1,nvidia_gpu_0
0,1614663653.2634654,forward,0.008734703063964844,351684.0,693236.0,72262.0,69141.0,0
1,1614663653.2722,loss,0.0026397705078125,116088.0,141784.0,26393.0,15468.0,0
2,1614663653.2748399,backward,0.006788015365600586,278015.0,482604.0,62469.0,53520.0,2687
3,1614663653.281628,step,0.014190196990966797,505186.0,960264.0,120595.0,108522.0,3155
4,1614663653.295818,overhead,0.002188444137573242,69824.0,136230.0,16386.0,15652.0,0
5,1614663656.6079762,forward,0.006497383117675781,249511.0,441100.0,55860.0,53749.0,0
6,1614663656.6144736,loss,0.0011584758758544922,40710.0,68848.0,9089.0,7619.0,0
7,1614663656.615632,backward,0.007208108901977539,271179.0,478880.0,70380.0,53489.0,0
8,1614663656.6228402,step,0.009183168411254883,391112.0,620848.0,77831.0,69753.0,5835
9,1614663656.6320233,overhead,0.0011920928955078125,39795.0,66895.0,8537.0,7849.0,0
10,1614663659.642238,forward,0.0059413909912109375,245727.0,406127.0,54804.0,46160.0,0
11,1614663659.6481793,loss,0.0011298656463623047,40772.0,67932.0,8813.0,15331.0,1621
12,1614663659.6493092,backward,0.0078051090240478516,270140.0,545653.0,69080.0,53703.0,0
13,1614663659.6571143,step,0.009176969528198242,386047.0,615416.0,77601.0,69447.0,0
14,1614663659.6662912,overhead,0.0005633831024169922,0.0,71594.0,0.0,7573.0,0
15,1614663662.7074318,forward,0.006867885589599609,279113.0,499450.0,63801.0,45778.0,0
16,1614663662.7142997,loss,0.0012333393096923828,38635.0,116149.0,8553.0,15652.0,0
17,1614663662.715533,backward,0.005667686462402344,233886.0,342834.0,52785.0,38051.0,2770
18,1614663662.7212007,step,0.013857126235961914,532164.0,904905.0,119493.0,106993.0,0
19,1614663662.7350578,overhead,0.0005939006805419922,0.0,0.0,0.0,0.0,0
20,1614663665.724416,forward,0.009691715240478516,403685.0,702208.0,89459.0,82467.0,0
21,1614663665.7341077,loss,0.0011224746704101562,39429.0,70434.0,8813.0,11062.0,0
22,1614663665.7352302,backward,0.007277965545654297,274902.0,499816.0,61138.0,62775.0,0
23,1614663665.7425082,step,0.009226322174072266,354064.0,713865.0,76898.0,88037.0,5316
24,1614663665.7517345,overhead,0.0012316703796386719,38818.0,70251.0,8614.0,9180.0,0
25,1614663668.738857,forward,0.00590825080871582,254699.0,427550.0,55309.0,56090.0,0
26,1614663668.7447653,loss,0.0012021064758300781,43396.0,72082.0,9364.0,10144.0,0
27,1614663668.7459674,backward,0.005715131759643555,237121.0,344665.0,53535.0,39597.0,0
28,1614663668.7516825,step,0.009207963943481445,347228.0,684447.0,77662.0,77662.0,5314
29,1614663668.7608905,overhead,0.0011992454528808594,40100.0,71166.0,8767.0,7712.0,0
30,1614663671.76481,forward,0.006562232971191406,258789.0,484679.0,65178.0,54804.0,0
31,1614663671.7713723,loss,0.0011420249938964844,77880.0,71655.0,9226.0,8079.0,0
32,1614663671.7725143,backward,0.005707263946533203,195679.0,406066.0,43972.0,46588.0,0
33,1614663671.7782216,step,0.009265661239624023,390013.0,618834.0,86828.0,69937.0,5294
34,1614663671.7874873,overhead,0.0011818408966064453,39490.0,67627.0,8476.0,7711.0,0
35,1614663674.8443253,forward,0.005918264389038086,273803.0,362120.0,58247.0,58660.0,1042
36,1614663674.8502436,loss,0.0017917156219482422,89661.0,149292.0,17671.0,9318.0,0
37,1614663674.8520353,backward,0.005704641342163086,215941.0,418578.0,46053.0,49128.0,0
38,1614663674.85774,step,0.009285926818847656,437865.0,624510.0,92902.0,70824.0,4009
39,1614663674.8670259,overhead,0.0012044906616210938,45838.0,71899.0,8354.0,8262.0,0
40,1614663677.755047,forward,0.005902767181396484,256224.0,427550.0,55003.0,56626.0,0
41,1614663677.7609499,loss,0.0011768341064453125,40833.0,68969.0,9318.0,7864.0,0
42,1614663677.7621267,backward,0.00723719596862793,271361.0,482604.0,62026.0,55141.0,0
43,1614663677.7693639,step,0.009283304214477539,348571.0,622923.0,78214.0,69753.0,5624
44,1614663677.7786472,overhead,0.0012295246124267578,37171.0,68176.0,8583.0,7757.0,0
45,1614663680.6743176,forward,0.005927562713623047,252074.0,431091.0,55585.0,55126.0,1055
46,1614663680.6802452,loss,0.0017611980438232422,75989.0,138305.0,17228.0,18085.0,0
47,1614663680.6820064,backward,0.005627155303955078,238952.0,355224.0,52968.0,45288.0,0
48,1614663680.6876335,step,0.009238004684448242,356688.0,712766.0,77984.0,90545.0,0
49,1614663680.6968715,overhead,0.0005829334259033203,0.0,0.0,0.0,0.0,0
50,1614663683.6886454,forward,0.0064814090728759766,287353.0,480468.0,63724.0,53427.0,0
51,1614663683.6951268,loss,0.0011348724365234375,36987.0,67505.0,8629.0,7803.0,0
52,1614663683.6962616,backward,0.005651235580444336,233825.0,418761.0,52433.0,45717.0,0
53,1614663683.7019129,step,0.009251117706298828,350280.0,622435.0,78137.0,68437.0,5323
54,1614663683.711164,overhead,0.0011830329895019531,36194.0,67321.0,8400.0,7619.0,0
55,1614663686.7709935,forward,0.007516384124755859,324401.0,560240.0,72981.0,66616.0,0
56,1614663686.7785099,loss,0.0012505054473876953,37598.0,79712.0,8491.0,10374.0,0
57,1614663686.7797604,backward,0.00571894645690918,199035.0,420653.0,52587.0,54009.0,0
58,1614663686.7854793,step,0.01329493522644043,545958.0,932371.0,110435.0,115209.0,6800
59,1614663686.7987742,overhead,0.0012674331665039062,38025.0,79040.0,8767.0,9685.0,0
60,1614663689.821275,forward,0.005893707275390625,252441.0,391906.0,47001.0,46343.0,0
61,1614663689.8271687,loss,0.0011858940124511719,37719.0,69153.0,18590.0,7757.0,0
62,1614663689.8283546,backward,0.007225990295410156,316284.0,498229.0,61276.0,61904.0,3408
63,1614663689.8355806,step,0.010636091232299805,390685.0,734129.0,85221.0,76776.0,0
64,1614663689.8462167,overhead,0.0006232261657714844,37963.0,68115.0,8584.0,7711.0,0
65,1614663692.722553,forward,0.006108999252319336,244934.0,416442.0,55891.0,46084.0,0
66,1614663692.728662,loss,0.001617431640625,77087.0,135253.0,17671.0,15606.0,0
67,1614663692.7302794,backward,0.005662441253662109,197753.0,344604.0,51087.0,38127.0,0
68,1614663692.735942,step,0.00922703742980957,386474.0,686766.0,77158.0,77143.0,5411
69,1614663692.745169,overhead,0.001196146011352539,39978.0,70922.0,8767.0,7711.0,0
70,1614663695.8793654,forward,0.005919694900512695,256286.0,411132.0,55003.0,45855.0,0
71,1614663695.8852851,loss,0.0011725425720214844,39917.0,70434.0,9364.0,7726.0,0
72,1614663695.8864577,backward,0.007447719573974609,274230.0,552123.0,70135.0,61506.0,3229
73,1614663695.8939054,step,0.009863615036010742,392455.0,695250.0,77341.0,75873.0,0
74,1614663695.903769,overhead,0.0005786418914794922,38940.0,0.0,8446.0,0.0,0
75,1614663698.9057856,forward,0.005873441696166992,253479.0,414184.0,55095.0,45548.0,0
76,1614663698.911659,loss,0.0011525154113769531,40527.0,69458.0,8767.0,7573.0,1667
77,1614663698.9128115,backward,0.007729053497314453,312865.0,560667.0,70350.0,61032.0,0
78,1614663698.9205406,step,0.009253501892089844,353393.0,614134.0,77953.0,68437.0,0
79,1614663698.929794,overhead,0.0005762577056884766,39490.0,73120.0,8492.0,7619.0,0
80,1614663701.857957,forward,0.007010936737060547,288146.0,484008.0,64413.0,53565.0,1282
81,1614663701.8649678,loss,0.0017774105072021484,42175.0,71533.0,17901.0,15300.0,0
82,1614663701.8667452,backward,0.0057871341705322266,234558.0,411742.0,44125.0,38281.0,0
83,1614663701.8725324,step,0.009208202362060547,347777.0,686277.0,86720.0,76331.0,4147
84,1614663701.8817406,overhead,0.001199960708618164,39429.0,0.0,8614.0,7528.0,0
85,1614663704.9162138,forward,0.005865573883056641,217529.0,379149.0,54085.0,53703.0,0
86,1614663704.9220793,loss,0.001146554946899414,82946.0,54748.0,9226.0,0.0,0
87,1614663704.9232259,backward,0.005606174468994141,216064.0,387695.0,45778.0,45839.0,2702
88,1614663704.928832,step,0.01055908203125,437682.0,741453.0,97537.0,84915.0,0
89,1614663704.9393911,overhead,0.0006070137023925781,0.0,0.0,0.0,0.0,0
90,1614663707.8511996,forward,0.007315158843994141,282897.0,479857.0,61721.0,54713.0,0
91,1614663707.8585148,loss,0.0012047290802001953,34546.0,66223.0,17717.0,7757.0,0
92,1614663707.8597195,backward,0.005704164505004883,234740.0,413574.0,43743.0,45869.0,0
93,1614663707.8654237,step,0.01322484016418457,518187.0,887326.0,111001.0,99328.0,6437
94,1614663707.8786485,overhead,0.0012357234954833984,69336.0,71350.0,17075.0,7619.0,0
95,1614663710.79106,forward,0.006891489028930664,278258.0,479430.0,63663.0,53351.0,1218
96,1614663710.7979515,loss,0.0018703937530517578,77210.0,141113.0,17075.0,15362.0,0
97,1614663710.7998219,backward,0.005708217620849609,194335.0,416564.0,44186.0,45655.0,0
98,1614663710.80553,step,0.01323390007019043,535216.0,895017.0,120457.0,99526.0,5257
99,1614663710.818764,overhead,0.0012311935424804688,39856.0,72082.0,8262.0,7574.0,0
